
=====================================
EMAIL LOG - 2025-09-26 17:14:53
=====================================
To: jovensanchez2210@gmail.com
Subject: Bulwagang NCST - Moderator Account Created

HTML Body:
<html><body style="font-family: Arial, sans-serif; line-height: 1.6; color: #333;">
<div style="max-width: 600px; margin: 0 auto; padding: 20px;">
<h2 style="color: #2c3e50; text-align: center;">🎭 Bulwagang NCST Moderator Access</h2>
<p>Dear Joven Sanchez,</p>
<p>You have been granted <strong style="color: #e74c3c;">MODERATOR</strong> access to the Bulwagang NCST system.</p>
<div style="background: #f8f9fa; padding: 20px; border-radius: 8px; margin: 20px 0;">
<h3 style="color: #2c3e50; margin-top: 0;">Your Account Details:</h3>
<p><strong>Email:</strong> jovensanchez2210@gmail.com</p>
<p><strong>Temporary Password:</strong> <code style="background: #e9ecef; padding: 4px 8px; border-radius: 4px;">NNfHRr7dO9aV</code></p>
<p><strong>Admin Panel URL:</strong> <a href="http://localhost/Project(1)/admin.php">http://localhost/Project(1)/admin.php</a></p>
</div>
<div style="background: #d4edda; padding: 15px; border-radius: 8px; border-left: 4px solid #28a745;">
<h4 style="color: #155724; margin-top: 0;">Your Moderator Permissions:</h4>
<ul style="color: #155724;">
<li>Manage audition submissions</li>
<li>Approve/reject auditions</li>
<li>Create member accounts</li>
<li>View audition reports</li>
</ul>
</div>
<p>Please change your password after your first login.</p>
<p>Best regards,<br>The Bulwagang NCST Admin Team</p>
</div></body></html>

Text Body:
Bulwagang NCST - Moderator Account Created

Dear Joven Sanchez,

You have been granted MODERATOR access to the Bulwagang NCST system.

Your Account Details:
Email: jovensanchez2210@gmail.com
Temporary Password: NNfHRr7dO9aV
Admin Panel URL: http://localhost/Project(1)/admin.php

Your Moderator Permissions:
- Manage audition submissions
- Approve/reject auditions  
- Create member accounts
- View audition reports

Please change your password after your first login.

Best regards,
The Bulwagang NCST Admin Team

=====================================


=====================================
EMAIL LOG - 2025-09-26 17:52:31
=====================================
To: jovensanchez2210@gmail.com
Subject: Bulwagang NCST - Moderator Account Created

HTML Body:
<html><body style="font-family: Arial, sans-serif; line-height: 1.6; color: #333;">
<div style="max-width: 600px; margin: 0 auto; padding: 20px;">
<h2 style="color: #2c3e50; text-align: center;">🎭 Bulwagang NCST Moderator Access</h2>
<p>Dear Joven Sanchez,</p>
<p>You have been granted <strong style="color: #e74c3c;">MODERATOR</strong> access to the Bulwagang NCST system.</p>
<div style="background: #f8f9fa; padding: 20px; border-radius: 8px; margin: 20px 0;">
<h3 style="color: #2c3e50; margin-top: 0;">Your Account Details:</h3>
<p><strong>Email:</strong> jovensanchez2210@gmail.com</p>
<p><strong>Temporary Password:</strong> <code style="background: #e9ecef; padding: 4px 8px; border-radius: 4px;">IBA*Ei!Krvfs</code></p>
<p><strong>Admin Panel URL:</strong> <a href="http://localhost/Project(1)/admin.php">http://localhost/Project(1)/admin.php</a></p>
</div>
<div style="background: #d4edda; padding: 15px; border-radius: 8px; border-left: 4px solid #28a745;">
<h4 style="color: #155724; margin-top: 0;">Your Moderator Permissions:</h4>
<ul style="color: #155724;">
<li>Manage audition submissions</li>
<li>Approve/reject auditions</li>
<li>Create member accounts</li>
<li>View audition reports</li>
</ul>
</div>
<p>Please change your password after your first login.</p>
<p>Best regards,<br>The Bulwagang NCST Admin Team</p>
</div></body></html>

Text Body:
Bulwagang NCST - Moderator Account Created

Dear Joven Sanchez,

You have been granted MODERATOR access to the Bulwagang NCST system.

Your Account Details:
Email: jovensanchez2210@gmail.com
Temporary Password: IBA*Ei!Krvfs
Admin Panel URL: http://localhost/Project(1)/admin.php

Your Moderator Permissions:
- Manage audition submissions
- Approve/reject auditions  
- Create member accounts
- View audition reports

Please change your password after your first login.

Best regards,
The Bulwagang NCST Admin Team

=====================================


=====================================
EMAIL LOG - 2025-09-27 10:19:21
=====================================
To: benjobenjo221@gmail.com
Subject: Welcome to Bulwagang NCST - Your Account Details

HTML Body:
<html><body style="font-family: Arial, sans-serif; line-height: 1.6; color: #333;">
<div style="max-width: 600px; margin: 0 auto; padding: 20px;">
<h2 style="color: #2c3e50; text-align: center;">🎭 Welcome to Bulwagang NCST!</h2>
<p>Dear Alex Mercer,</p>
<p>Congratulations! Your audition has been <strong style="color: #27ae60;">APPROVED</strong> and we have created your member account.</p>
<div style="background: #f8f9fa; padding: 20px; border-radius: 8px; margin: 20px 0;">
<h3 style="color: #2c3e50; margin-top: 0;">Your Account Details:</h3>
<p><strong>Email:</strong> benjobenjo221@gmail.com</p>
<p><strong>Temporary Password:</strong> <code style="background: #e9ecef; padding: 4px 8px; border-radius: 4px;">tThw4zF7uGUB</code></p>
<p><strong>Login URL:</strong> <a href="http://localhost/Project(1)/login.php">http://localhost/Project(1)/login.php</a></p>
</div>
<div style="background: #fff3cd; padding: 15px; border-radius: 8px; border-left: 4px solid #ffc107;">
<p style="margin: 0;"><strong>⚠️ Important:</strong> Please change your password after your first login for security purposes.</p>
</div>
<p>Welcome to the Bulwagang NCST family! We look forward to working with you.</p>
<p>Best regards,<br>The Bulwagang NCST Team</p>
</div></body></html>

Text Body:
Welcome to Bulwagang NCST!

Dear Alex Mercer,

Congratulations! Your audition has been APPROVED and we have created your member account.

Your Account Details:
Email: benjobenjo221@gmail.com
Temporary Password: tThw4zF7uGUB
Login URL: http://localhost/Project(1)/login.php

IMPORTANT: Please change your password after your first login for security purposes.

Welcome to the Bulwagang NCST family! We look forward to working with you.

Best regards,
The Bulwagang NCST Team

=====================================


=====================================
EMAIL LOG - 2025-09-27 13:29:24
=====================================
To: benjosanchezpogi8@gmail.com
Subject: Bulwagang NCST - Moderator Account Created

HTML Body:
<html><body style="font-family: Arial, sans-serif; line-height: 1.6; color: #333;">
<div style="max-width: 600px; margin: 0 auto; padding: 20px;">
<h2 style="color: #2c3e50; text-align: center;">🎭 Bulwagang NCST Moderator Access</h2>
<p>Dear wewe ewewe,</p>
<p>You have been granted <strong style="color: #e74c3c;">MODERATOR</strong> access to the Bulwagang NCST system.</p>
<div style="background: #f8f9fa; padding: 20px; border-radius: 8px; margin: 20px 0;">
<h3 style="color: #2c3e50; margin-top: 0;">Your Account Details:</h3>
<p><strong>Email:</strong> benjosanchezpogi8@gmail.com</p>
<p><strong>Temporary Password:</strong> <code style="background: #e9ecef; padding: 4px 8px; border-radius: 4px;">#aV1d8Ga6*p0</code></p>
<p><strong>Admin Panel URL:</strong> <a href="http://localhost/Project(1)/admin.php">http://localhost/Project(1)/admin.php</a></p>
</div>
<div style="background: #d4edda; padding: 15px; border-radius: 8px; border-left: 4px solid #28a745;">
<h4 style="color: #155724; margin-top: 0;">Your Moderator Permissions:</h4>
<ul style="color: #155724;">
<li>Manage audition submissions</li>
<li>Approve/reject auditions</li>
<li>Create member accounts</li>
<li>View audition reports</li>
</ul>
</div>
<p>Please change your password after your first login.</p>
<p>Best regards,<br>The Bulwagang NCST Admin Team</p>
</div></body></html>

Text Body:
Bulwagang NCST - Moderator Account Created

Dear wewe ewewe,

You have been granted MODERATOR access to the Bulwagang NCST system.

Your Account Details:
Email: benjosanchezpogi8@gmail.com
Temporary Password: #aV1d8Ga6*p0
Admin Panel URL: http://localhost/Project(1)/admin.php

Your Moderator Permissions:
- Manage audition submissions
- Approve/reject auditions  
- Create member accounts
- View audition reports

Please change your password after your first login.

Best regards,
The Bulwagang NCST Admin Team

=====================================

